<?xml version="1.0" encoding="UTF-8"?>
<testsuite xmlns:xsi="http://www.w3.org/2001/XMLSchema-instance" xsi:noNamespaceSchemaLocation="https://maven.apache.org/surefire/maven-surefire-plugin/xsd/surefire-test-report.xsd" name="avl.AvlTreeTest" time="0.042" tests="21" errors="0" skipped="0" failures="0">
  <properties>
    <property name="java.specification.version" value="17"/>
    <property name="sun.cpu.isalist" value="amd64"/>
    <property name="sun.jnu.encoding" value="Cp1252"/>
    <property name="java.class.path" value="C:\Users\aryan\Desktop\avltree-master\target\test-classes;C:\Users\aryan\Desktop\avltree-master\target\classes;C:\Users\aryan\.m2\repository\org\junit\jupiter\junit-jupiter-engine\5.9.2\junit-jupiter-engine-5.9.2.jar;C:\Users\aryan\.m2\repository\org\junit\platform\junit-platform-engine\1.9.2\junit-platform-engine-1.9.2.jar;C:\Users\aryan\.m2\repository\org\opentest4j\opentest4j\1.2.0\opentest4j-1.2.0.jar;C:\Users\aryan\.m2\repository\org\junit\platform\junit-platform-commons\1.9.2\junit-platform-commons-1.9.2.jar;C:\Users\aryan\.m2\repository\org\junit\jupiter\junit-jupiter-api\5.9.2\junit-jupiter-api-5.9.2.jar;C:\Users\aryan\.m2\repository\org\apiguardian\apiguardian-api\1.1.2\apiguardian-api-1.1.2.jar;C:\Users\aryan\.m2\repository\org\assertj\assertj-core\3.24.2\assertj-core-3.24.2.jar;C:\Users\aryan\.m2\repository\net\bytebuddy\byte-buddy\1.12.21\byte-buddy-1.12.21.jar;"/>
    <property name="java.vm.vendor" value="Oracle Corporation"/>
    <property name="sun.arch.data.model" value="64"/>
    <property name="user.variant" value=""/>
    <property name="java.vendor.url" value="https://java.oracle.com/"/>
    <property name="user.timezone" value="Europe/Madrid"/>
    <property name="user.country.format" value="ES"/>
    <property name="os.name" value="Windows 10"/>
    <property name="java.vm.specification.version" value="17"/>
    <property name="sun.java.launcher" value="SUN_STANDARD"/>
    <property name="user.country" value="GB"/>
    <property name="sun.boot.library.path" value="C:\Program Files\Java\jdk-17.0.2\bin"/>
    <property name="sun.java.command" value="C:\Users\aryan\AppData\Local\Temp\surefire11704730522816406261\surefirebooter13301306431936286168.jar C:\Users\aryan\AppData\Local\Temp\surefire11704730522816406261 2023-05-05T12-04-15_524-jvmRun1 surefire17793195546686823872tmp surefire_014045876724144197469tmp"/>
    <property name="jdk.debug" value="release"/>
    <property name="surefire.test.class.path" value="C:\Users\aryan\Desktop\avltree-master\target\test-classes;C:\Users\aryan\Desktop\avltree-master\target\classes;C:\Users\aryan\.m2\repository\org\junit\jupiter\junit-jupiter-engine\5.9.2\junit-jupiter-engine-5.9.2.jar;C:\Users\aryan\.m2\repository\org\junit\platform\junit-platform-engine\1.9.2\junit-platform-engine-1.9.2.jar;C:\Users\aryan\.m2\repository\org\opentest4j\opentest4j\1.2.0\opentest4j-1.2.0.jar;C:\Users\aryan\.m2\repository\org\junit\platform\junit-platform-commons\1.9.2\junit-platform-commons-1.9.2.jar;C:\Users\aryan\.m2\repository\org\junit\jupiter\junit-jupiter-api\5.9.2\junit-jupiter-api-5.9.2.jar;C:\Users\aryan\.m2\repository\org\apiguardian\apiguardian-api\1.1.2\apiguardian-api-1.1.2.jar;C:\Users\aryan\.m2\repository\org\assertj\assertj-core\3.24.2\assertj-core-3.24.2.jar;C:\Users\aryan\.m2\repository\net\bytebuddy\byte-buddy\1.12.21\byte-buddy-1.12.21.jar;"/>
    <property name="sun.cpu.endian" value="little"/>
    <property name="user.home" value="C:\Users\aryan"/>
    <property name="user.language" value="en"/>
    <property name="java.specification.vendor" value="Oracle Corporation"/>
    <property name="java.version.date" value="2022-01-18"/>
    <property name="java.home" value="C:\Program Files\Java\jdk-17.0.2"/>
    <property name="file.separator" value="\"/>
    <property name="basedir" value="C:\Users\aryan\Desktop\avltree-master"/>
    <property name="java.vm.compressedOopsMode" value="Zero based"/>
    <property name="line.separator" value="&#10;"/>
    <property name="java.vm.specification.vendor" value="Oracle Corporation"/>
    <property name="java.specification.name" value="Java Platform API Specification"/>
    <property name="surefire.real.class.path" value="C:\Users\aryan\AppData\Local\Temp\surefire11704730522816406261\surefirebooter13301306431936286168.jar"/>
    <property name="user.script" value=""/>
    <property name="sun.management.compiler" value="HotSpot 64-Bit Tiered Compilers"/>
    <property name="java.runtime.version" value="17.0.2+8-LTS-86"/>
    <property name="user.name" value="aryan"/>
    <property name="path.separator" value=";"/>
    <property name="os.version" value="10.0"/>
    <property name="java.runtime.name" value="Java(TM) SE Runtime Environment"/>
    <property name="file.encoding" value="Cp1252"/>
    <property name="java.vm.name" value="Java HotSpot(TM) 64-Bit Server VM"/>
    <property name="localRepository" value="C:\Users\aryan\.m2\repository"/>
    <property name="java.vendor.url.bug" value="https://bugreport.java.com/bugreport/"/>
    <property name="java.io.tmpdir" value="C:\Users\aryan\AppData\Local\Temp\"/>
    <property name="java.version" value="17.0.2"/>
    <property name="user.dir" value="C:\Users\aryan\Desktop\avltree-master"/>
    <property name="os.arch" value="amd64"/>
    <property name="java.vm.specification.name" value="Java Virtual Machine Specification"/>
    <property name="user.language.format" value="es"/>
    <property name="sun.os.patch.level" value=""/>
    <property name="native.encoding" value="Cp1252"/>
    <property name="java.library.path" value="C:\Program Files\Java\jdk-17.0.2\bin;C:\Windows\Sun\Java\bin;C:\Windows\system32;C:\Windows;C:\Program Files\Haskell\bin;C:\Program Files\Haskell Platform\8.6.5\lib\extralibs\bin;C:\Program Files\Haskell Platform\8.6.5\bin;C:\Program Files (x86)\Common Files\Oracle\Java\javapath;C:\Program Files\Common Files\Oracle\Java\javapath;C:\Windows\system32;C:\Windows;C:\Windows\System32\Wbem;C:\Windows\System32\WindowsPowerShell\v1.0\;C:\Windows\System32\OpenSSH\;C:\Program Files\PuTTY\;C:\Program Files\Haskell Platform\8.6.5\mingw\bin;C:\Program Files (x86)\Windows Kits\8.1\Windows Performance Toolkit\;C:\Program Files\Microsoft SQL Server\110\Tools\Binn\;C:\Program Files\Microsoft SQL Server\Client SDK\ODBC\110\Tools\Binn\;C:\Program Files (x86)\Microsoft SQL Server\120\Tools\Binn\ManagementStudio\;C:\Program Files (x86)\Microsoft SQL Server\120\Tools\Binn\;C:\Program Files\Microsoft SQL Server\120\Tools\Binn\;C:\Program Files (x86)\Microsoft SQL Server\120\DTS\Binn\;C:\Program Files\Microsoft SQL Server\120\DTS\Binn\;C:\Program Files\dotnet\;C:\Program Files\Maven\apache-maven-3.8.7\bin;C:\Program Files\Git\cmd;C:\Program Files\MySQL\MySQL Utilities 1.6\;C:\Program Files\MySQL\MySQL Shell 8.0\bin\;C:\Users\aryan\AppData\Local\Programs\Python\Python310\Scripts\;C:\Users\aryan\AppData\Local\Programs\Python\Python310\;C:\Users\aryan\AppData\Roaming\cabal\bin;C:\Users\aryan\AppData\Roaming\local\bin;C:\Users\aryan\AppData\Local\Microsoft\WindowsApps;C:\Users\aryan\AppData\Local\Programs\Microsoft VS Code\bin;C:\Users\aryan\AppData\Local\GitHubDesktop\bin;C:\Users\aryan\.dotnet\tools;."/>
    <property name="java.vm.info" value="mixed mode, sharing"/>
    <property name="java.vendor" value="Oracle Corporation"/>
    <property name="java.vm.version" value="17.0.2+8-LTS-86"/>
    <property name="sun.io.unicode.encoding" value="UnicodeLittle"/>
    <property name="java.class.version" value="61.0"/>
  </properties>
  <testcase name="testInserting7_4_3_2_1" classname="avl.AvlTreeTest" time="0"/>
  <testcase name="testInserting7_8_9_10_11" classname="avl.AvlTreeTest" time="0.001"/>
  <testcase name="testDeletingNodesWithTwoLeaves" classname="avl.AvlTreeTest" time="0"/>
  <testcase name="testDeletingAndRebalancing" classname="avl.AvlTreeTest" time="0"/>
  <testcase name="testSearchNode" classname="avl.AvlTreeTest" time="0"/>
  <testcase name="testInsertingLeftLeftNodeAndRebalance" classname="avl.AvlTreeTest" time="0.002"/>
  <testcase name="testFindSuccessor" classname="avl.AvlTreeTest" time="0.001"/>
  <testcase name="testInsertingRightElement" classname="avl.AvlTreeTest" time="0.002"/>
  <testcase name="testInsertingLeftRightNodeAndRebalance" classname="avl.AvlTreeTest" time="0.001"/>
  <testcase name="testInsertTop" classname="avl.AvlTreeTest" time="0.002"/>
  <testcase name="testDeletingTopNode" classname="avl.AvlTreeTest" time="0.001"/>
  <testcase name="testInsertingRightRightNodeAndRebalance" classname="avl.AvlTreeTest" time="0.002"/>
  <testcase name="testDeletingLeafNodes" classname="avl.AvlTreeTest" time="0.002"/>
  <testcase name="testInsertingRightLeftNodeAndRebalance" classname="avl.AvlTreeTest" time="0.002"/>
  <testcase name="testCompareNodes" classname="avl.AvlTreeTest" time="0.002"/>
  <testcase name="testInsertingLeftElement" classname="avl.AvlTreeTest" time="0.002"/>
  <testcase name="testHeightAndBalanceOfASimpleBalancedTree" classname="avl.AvlTreeTest" time="0.002"/>
  <testcase name="testSearchClosestNode" classname="avl.AvlTreeTest" time="0.002"/>
  <testcase name="testDeletingNodesWithOneLeaf" classname="avl.AvlTreeTest" time="0.001"/>
  <testcase name="testInsertingRightAndLeftElementsJustAfterTop" classname="avl.AvlTreeTest" time="0.001"/>
  <testcase name="testAvlIsEmpty" classname="avl.AvlTreeTest" time="0.001"/>
</testsuite>